<?xml version="1.0" encoding="UTF-8"?>
<!-- Generated by org.testng.reporters.JUnitReportReporter -->
<testsuite hostname="LAPTOP-L1B8RAQT" failures="0" tests="1" name="test.TestCase_SignUp" time="5.301" errors="0" timestamp="2024-06-09T23:59:32 IST" skipped="0">
  <testcase classname="test.TestCase_SignUp" name="testCase001" time="5.301"/>
  <system-out/>
</testsuite> <!-- test.TestCase_SignUp -->
