<?xml version="1.0" encoding="UTF-8"?>
<!-- Generated by org.testng.reporters.JUnitReportReporter -->
<testsuite hostname="LAPTOP-L1B8RAQT" failures="0" tests="1" name="test.TestCase_Login" time="4.224" errors="0" timestamp="2024-06-04T02:24:45 IST" skipped="0">
  <testcase classname="test.TestCase_Login" name="testCase001" time="4.224"/>
  <system-out/>
</testsuite> <!-- test.TestCase_Login -->
